<?xml version="1.0" encoding="UTF-8"?>
<testsuites name="jest tests" tests="13" failures="0" errors="0" time="1.195">
  <testsuite name="createPosts" errors="0" failures="0" skipped="0" timestamp="2023-08-26T16:30:36" time="0.598" tests="5">
    <testcase classname="createPosts should create a new post" name="createPosts should create a new post" time="0.005">
    </testcase>
    <testcase classname="createPosts should fetch user posts successfully" name="createPosts should fetch user posts successfully" time="0.001">
    </testcase>
    <testcase classname="createPosts should send error response when user is not found" name="createPosts should send error response when user is not found" time="0.002">
    </testcase>
    <testcase classname="createPosts should fetch top users and comments successfully" name="createPosts should fetch top users and comments successfully" time="0.001">
    </testcase>
    <testcase classname="createPosts should send success response when no comments exist" name="createPosts should send success response when no comments exist" time="0.001">
    </testcase>
  </testsuite>
  <testsuite name="createComment" errors="0" failures="0" skipped="0" timestamp="2023-08-26T16:30:37" time="0.361" tests="1">
    <testcase classname="createComment should send error response when post ID is not valid" name="createComment should send error response when post ID is not valid" time="0.002">
    </testcase>
  </testsuite>
  <testsuite name="Request controller" errors="0" failures="0" skipped="0" timestamp="2023-08-26T16:30:37" time="0.121" tests="7">
    <testcase classname="Request controller Users controllers should create a new user" name="Request controller Users controllers should create a new user" time="0.006">
    </testcase>
    <testcase classname="Request controller Users controllers should send error response when email already exists" name="Request controller Users controllers should send error response when email already exists" time="0.001">
    </testcase>
    <testcase classname="Request controller Users controllers should call next with error when an error occurs" name="Request controller Users controllers should call next with error when an error occurs" time="0.001">
    </testcase>
    <testcase classname="Request controller Users controllers should send success response with user data when users are fetched" name="Request controller Users controllers should send success response with user data when users are fetched" time="0.001">
    </testcase>
    <testcase classname="Request controller Users controllers should send error response when no users are fetched" name="Request controller Users controllers should send error response when no users are fetched" time="0.001">
    </testcase>
    <testcase classname="Request controller Users controllers should log in a user successfully" name="Request controller Users controllers should log in a user successfully" time="0.002">
    </testcase>
    <testcase classname="Request controller Users controllers should send error response when user doesn&apos;t exist" name="Request controller Users controllers should send error response when user doesn&apos;t exist" time="0.001">
    </testcase>
  </testsuite>
</testsuites>